d:\development\github\hungryhoney\sfml_hungryhoney\sfml_hungryhoney\debug\sfml_hungryhoney.pch
d:\development\github\hungryhoney\sfml_hungryhoney\sfml_hungryhoney\debug\vc140.pdb
d:\development\github\hungryhoney\sfml_hungryhoney\sfml_hungryhoney\debug\vc140.idb
d:\development\github\hungryhoney\sfml_hungryhoney\sfml_hungryhoney\debug\stdafx.obj
d:\development\github\hungryhoney\sfml_hungryhoney\sfml_hungryhoney\debug\collidableobject.obj
d:\development\github\hungryhoney\sfml_hungryhoney\sfml_hungryhoney\debug\gameobject.obj
d:\development\github\hungryhoney\sfml_hungryhoney\sfml_hungryhoney\debug\main.obj
d:\development\github\hungryhoney\sfml_hungryhoney\sfml_hungryhoney\debug\playerobject.obj
d:\development\github\hungryhoney\sfml_hungryhoney\sfml_hungryhoney\debug\beeobject.obj
d:\development\github\hungryhoney\sfml_hungryhoney\sfml_hungryhoney\debug\characterobject.obj
d:\development\github\hungryhoney\sfml_hungryhoney\sfml_hungryhoney\debug\vector2normalizer.obj
d:\development\github\hungryhoney\sfml_hungryhoney\debug\sfml_hungryhoney.ilk
d:\development\github\hungryhoney\sfml_hungryhoney\debug\sfml_hungryhoney.exe
d:\development\github\hungryhoney\sfml_hungryhoney\debug\sfml_hungryhoney.pdb
d:\development\github\hungryhoney\sfml_hungryhoney\sfml_hungryhoney\debug\collidablegameobject.obj
d:\development\github\hungryhoney\sfml_hungryhoney\sfml_hungryhoney\debug\sfml_hungryhoney.tlog\cl.command.1.tlog
d:\development\github\hungryhoney\sfml_hungryhoney\sfml_hungryhoney\debug\sfml_hungryhoney.tlog\cl.read.1.tlog
d:\development\github\hungryhoney\sfml_hungryhoney\sfml_hungryhoney\debug\sfml_hungryhoney.tlog\cl.write.1.tlog
d:\development\github\hungryhoney\sfml_hungryhoney\sfml_hungryhoney\debug\sfml_hungryhoney.tlog\link.command.1.tlog
d:\development\github\hungryhoney\sfml_hungryhoney\sfml_hungryhoney\debug\sfml_hungryhoney.tlog\link.read.1.tlog
d:\development\github\hungryhoney\sfml_hungryhoney\sfml_hungryhoney\debug\sfml_hungryhoney.tlog\link.write.1.tlog
